<?xml version="1.0" encoding="UTF-8"?>
<testng-results ignored="0" total="2" passed="2" failed="0" skipped="0">
  <reporter-output>
  </reporter-output>
  <suite started-at="2022-10-14T00:47:26 EET" name="Free CRM Application Test" finished-at="2022-10-14T00:47:41 EET" duration-ms="15356">
    <groups>
    </groups>
    <test started-at="2022-10-14T00:47:26 EET" name="End to End Test" finished-at="2022-10-14T00:47:41 EET" duration-ms="15356">
      <class name="com.fatura.testcases.FAQsPageTest">
        <test-method is-config="true" signature="beforeSetup(java.lang.String)[pri:0, instance:com.fatura.testcases.FAQsPageTest@3270d194]" started-at="2022-10-14T00:47:34 EET" name="beforeSetup" finished-at="2022-10-14T00:47:35 EET" duration-ms="809" status="PASS">
          <params>
            <param index="0">
              <value>
                <![CDATA[chrome]]>
              </value>
            </param>
          </params>
          <reporter-output>
          </reporter-output>
        </test-method> <!-- beforeSetup -->
        <test-method signature="ClickingOnFAQs()[pri:2, instance:com.fatura.testcases.FAQsPageTest@3270d194]" started-at="2022-10-14T00:47:35 EET" name="ClickingOnFAQs" finished-at="2022-10-14T00:47:41 EET" duration-ms="5521" status="PASS">
          <reporter-output>
          </reporter-output>
        </test-method> <!-- ClickingOnFAQs -->
        <test-method is-config="true" signature="tearDown()[pri:0, instance:com.fatura.testcases.FAQsPageTest@3270d194]" started-at="2022-10-14T00:47:41 EET" name="tearDown" finished-at="2022-10-14T00:47:41 EET" duration-ms="144" status="PASS">
          <reporter-output>
          </reporter-output>
        </test-method> <!-- tearDown -->
      </class> <!-- com.fatura.testcases.FAQsPageTest -->
      <class name="com.fatura.testcases.SearchPageTest">
        <test-method is-config="true" signature="beforeSetup(java.lang.String)[pri:0, instance:com.fatura.testcases.SearchPageTest@223191a6]" started-at="2022-10-14T00:47:26 EET" name="beforeSetup" finished-at="2022-10-14T00:47:27 EET" duration-ms="1423" status="PASS">
          <params>
            <param index="0">
              <value>
                <![CDATA[chrome]]>
              </value>
            </param>
          </params>
          <reporter-output>
          </reporter-output>
        </test-method> <!-- beforeSetup -->
        <test-method signature="Search()[pri:1, instance:com.fatura.testcases.SearchPageTest@223191a6]" started-at="2022-10-14T00:47:27 EET" name="Search" finished-at="2022-10-14T00:47:34 EET" duration-ms="7221" status="PASS">
          <reporter-output>
          </reporter-output>
        </test-method> <!-- Search -->
        <test-method is-config="true" signature="tearDown()[pri:0, instance:com.fatura.testcases.SearchPageTest@223191a6]" started-at="2022-10-14T00:47:34 EET" name="tearDown" finished-at="2022-10-14T00:47:34 EET" duration-ms="197" status="PASS">
          <reporter-output>
          </reporter-output>
        </test-method> <!-- tearDown -->
      </class> <!-- com.fatura.testcases.SearchPageTest -->
    </test> <!-- End to End Test -->
  </suite> <!-- Free CRM Application Test -->
</testng-results>
